Fri, 30 Mar 2012 09:43:14 -0300 [UpgradeWizard] - setting session variables...
Fri, 30 Mar 2012 09:43:14 -0300 [UpgradeWizard] - -----------------------------------------------------------------------------
Fri, 30 Mar 2012 09:43:14 -0300 [UpgradeWizard] - Upgrade started. At start.php
Fri, 30 Mar 2012 09:43:14 -0300 [UpgradeWizard] - at unlinkTempFiles()
Fri, 30 Mar 2012 09:43:28 -0300 [UpgradeWizard] - finished!
Fri, 30 Mar 2012 09:43:28 -0300 [UpgradeWizard] - resetting $_SESSION
Fri, 30 Mar 2012 09:43:33 -0300 [UpgradeWizard] - setting session variables...
Fri, 30 Mar 2012 09:43:33 -0300 [UpgradeWizard] - -----------------------------------------------------------------------------
Fri, 30 Mar 2012 09:43:33 -0300 [UpgradeWizard] - Upgrade started. At start.php
Fri, 30 Mar 2012 09:43:33 -0300 [UpgradeWizard] - at unlinkTempFiles()
Fri, 30 Mar 2012 09:43:33 -0300 [UpgradeWizard] - finished!
Fri, 30 Mar 2012 09:43:33 -0300 [UpgradeWizard] - resetting $_SESSION
Fri, 30 Mar 2012 09:43:35 -0300 [UpgradeWizard] - setting session variables...
Fri, 30 Mar 2012 09:43:35 -0300 [UpgradeWizard] - -----------------------------------------------------------------------------
Fri, 30 Mar 2012 09:43:35 -0300 [UpgradeWizard] - Upgrade started. At start.php
Fri, 30 Mar 2012 09:43:35 -0300 [UpgradeWizard] - at unlinkTempFiles()
Fri, 30 Mar 2012 09:43:35 -0300 [UpgradeWizard] - finished!
Fri, 30 Mar 2012 09:43:35 -0300 [UpgradeWizard] - resetting $_SESSION
Fri, 30 Mar 2012 09:43:45 -0300 [UpgradeWizard] - setting session variables...
Fri, 30 Mar 2012 09:43:45 -0300 [UpgradeWizard] - -----------------------------------------------------------------------------
Fri, 30 Mar 2012 09:43:45 -0300 [UpgradeWizard] - Upgrade started. At start.php
Fri, 30 Mar 2012 09:43:45 -0300 [UpgradeWizard] - at unlinkTempFiles()
Fri, 30 Mar 2012 09:43:45 -0300 [UpgradeWizard] - finished!
Fri, 30 Mar 2012 09:43:45 -0300 [UpgradeWizard] - resetting $_SESSION
Fri, 30 Mar 2012 09:44:49 -0300 [UpgradeWizard] - setting session variables...
Fri, 30 Mar 2012 09:44:49 -0300 [UpgradeWizard] - -----------------------------------------------------------------------------
Fri, 30 Mar 2012 09:44:49 -0300 [UpgradeWizard] - Upgrade started. At start.php
Fri, 30 Mar 2012 09:44:49 -0300 [UpgradeWizard] - at unlinkTempFiles()
Fri, 30 Mar 2012 09:44:49 -0300 [UpgradeWizard] - finished!
Fri, 30 Mar 2012 09:44:49 -0300 [UpgradeWizard] - resetting $_SESSION
Mon, 22 Sep 2014 10:38:52 -0300 [UpgradeWizard] - setting session variables...
Mon, 22 Sep 2014 10:38:52 -0300 [UpgradeWizard] - -----------------------------------------------------------------------------
Mon, 22 Sep 2014 10:38:52 -0300 [UpgradeWizard] - Upgrade started. At start.php
Mon, 22 Sep 2014 10:38:52 -0300 [UpgradeWizard] - at unlinkTempFiles()
Mon, 22 Sep 2014 10:45:07 -0300 [UpgradeWizard] - finished!
Mon, 22 Sep 2014 10:45:07 -0300 [UpgradeWizard] - resetting $_SESSION
Thu, 27 Nov 2014 09:23:27 -0200 [UpgradeWizard] - setting session variables...
Thu, 27 Nov 2014 09:23:27 -0200 [UpgradeWizard] - -----------------------------------------------------------------------------
Thu, 27 Nov 2014 09:23:27 -0200 [UpgradeWizard] - Upgrade started. At start.php
Thu, 27 Nov 2014 09:23:27 -0200 [UpgradeWizard] - at unlinkTempFiles()
Thu, 27 Nov 2014 09:23:52 -0200 [UpgradeWizard] - finished!
Thu, 27 Nov 2014 09:23:52 -0200 [UpgradeWizard] - resetting $_SESSION
